采样数量：1
采样时间： 2022-04-26 13:52:28 265
采样时间： 2022-04-26 13:52:31 976
采样时间： 2022-04-26 13:52:36 677
采样时间： 2022-04-26 13:52:39 677
采样时间： 2022-04-26 13:52:42 677
采样时间： 2022-04-26 13:52:47 196
采样时间： 2022-04-26 13:52:50 801
采样时间： 2022-04-26 13:52:53 801
采样时间： 2022-04-26 13:52:56 801
采样时间： 2022-04-26 13:53:00 674
采样时间： 2022-04-26 13:53:03 674
采样时间： 2022-04-26 13:53:07 258
采样时间： 2022-04-26 13:53:10 837
采样时间： 2022-04-26 13:53:13 837
采样时间： 2022-04-26 13:53:16 838
采样时间： 2022-04-26 13:53:19 839
采样时间： 2022-04-26 13:53:22 840
采样时间： 2022-04-26 13:53:25 840
采样时间： 2022-04-26 13:53:28 840
采样时间： 2022-04-26 13:53:31 840
采样时间： 2022-04-26 13:53:35 414
采样时间： 2022-04-26 13:53:38 971
采样时间： 2022-04-26 13:53:41 970
采样时间： 2022-04-26 13:53:46 508
采样时间： 2022-04-26 13:53:49 508
采样时间： 2022-04-26 13:53:52 508
采样时间： 2022-04-26 13:53:56 106
采样时间： 2022-04-26 13:53:59 106
采样时间： 2022-04-26 13:54:02 106
采样时间： 2022-04-26 13:54:05 106
采样时间： 2022-04-26 13:54:08 106
采样时间： 2022-04-26 13:54:11 602
采样时间： 2022-04-26 13:54:16 163
采样时间： 2022-04-26 13:54:19 653
采样时间： 2022-04-26 13:54:23 155
采样时间： 2022-04-26 13:54:26 155
采样时间： 2022-04-26 13:54:29 155
采样时间： 2022-04-26 13:54:32 663
采样时间： 2022-04-26 13:54:35 663
采样时间： 2022-04-26 13:54:39 157
采样时间： 2022-04-26 13:54:42 677
采样时间： 2022-04-26 13:54:45 677
采样时间： 2022-04-26 13:54:49 196
采样时间： 2022-04-26 13:54:52 196
采样时间： 2022-04-26 13:54:55 895
采样时间： 2022-04-26 13:54:59 422
采样时间： 2022-04-26 13:55:02 422
采样时间： 2022-04-26 13:55:05 422
采样时间： 2022-04-26 13:55:08 999
采样时间： 2022-04-26 13:55:12 545
采样时间： 2022-04-26 13:55:17 115
采样时间： 2022-04-26 13:55:20 647
采样时间： 2022-04-26 13:55:25 267
采样时间： 2022-04-26 13:55:29 773
采样时间： 2022-04-26 13:55:33 399
采样时间： 2022-04-26 13:55:36 399
采样时间： 2022-04-26 13:55:40 924
采样时间： 2022-04-26 13:55:45 508
采样时间： 2022-04-26 13:55:48 508
采样时间： 2022-04-26 13:55:52 101
采样时间： 2022-04-26 13:55:56 577
采样时间： 2022-04-26 13:56:00 069
采样时间： 2022-04-26 13:56:03 642
采样时间： 2022-04-26 13:56:08 279
采样时间： 2022-04-26 13:56:13 818
采样时间： 2022-04-26 13:56:16 818
采样时间： 2022-04-26 13:56:20 301
采样时间： 2022-04-26 13:56:23 826
采样时间： 2022-04-26 13:56:27 477
采样时间： 2022-04-26 13:56:30 477
采样时间： 2022-04-26 13:56:34 138
采样时间： 2022-04-26 13:56:37 138
采样时间： 2022-04-26 13:56:40 138
采样时间： 2022-04-26 13:56:43 138
采样时间： 2022-04-26 13:56:46 138
采样时间： 2022-04-26 13:56:49 138
采样时间： 2022-04-26 13:56:52 138
采样时间： 2022-04-26 13:56:55 138
采样时间： 2022-04-26 13:56:58 586
采样时间： 2022-04-26 13:57:01 586
采样时间： 2022-04-26 13:57:04 586
采样时间： 2022-04-26 13:57:08 110
采样时间： 2022-04-26 13:57:11 841
采样时间： 2022-04-26 13:57:14 841
采样时间： 2022-04-26 13:57:19 401
采样时间： 2022-04-26 13:57:22 401
采样时间： 2022-04-26 13:57:25 402
采样时间： 2022-04-26 13:57:28 402
采样时间： 2022-04-26 13:57:31 402
采样时间： 2022-04-26 13:57:34 960
采样时间： 2022-04-26 13:57:38 602
采样时间： 2022-04-26 13:57:41 602
采样时间： 2022-04-26 13:57:44 602
采样时间： 2022-04-26 13:57:47 602
采样时间： 2022-04-26 13:57:51 101
采样时间： 2022-04-26 13:57:54 102
采样时间： 2022-04-26 13:57:57 592
采样时间： 2022-04-26 13:58:01 178
采样时间： 2022-04-26 13:58:04 178
采样时间： 2022-04-26 13:58:07 707
采样时间： 2022-04-26 13:58:10 707
采样时间： 2022-04-26 13:58:13 707
采样时间： 2022-04-26 13:58:16 707
采样时间： 2022-04-26 13:58:20 255
采样时间： 2022-04-26 13:58:23 256
采样时间： 2022-04-26 13:58:26 727
采样时间： 2022-04-26 13:58:31 281
采样时间： 2022-04-26 13:58:34 282
采样时间： 2022-04-26 13:58:37 780
采样时间： 2022-04-26 13:58:40 780
采样时间： 2022-04-26 13:58:43 780
采样时间： 2022-04-26 13:58:46 781
采样时间： 2022-04-26 13:58:49 781
采样时间： 2022-04-26 13:58:53 379
采样时间： 2022-04-26 13:58:56 973
采样时间： 2022-04-26 13:58:59 973
采样时间： 2022-04-26 13:59:02 973
采样时间： 2022-04-26 13:59:06 970
采样时间： 2022-04-26 13:59:15 938
采样时间： 2022-04-26 13:59:18 938
采样时间： 2022-04-26 13:59:21 939
采样时间： 2022-04-26 13:59:24 939
采样时间： 2022-04-26 13:59:27 939
采样时间： 2022-04-26 13:59:31 452
采样时间： 2022-04-26 13:59:34 452
采样时间： 2022-04-26 13:59:37 452
采样时间： 2022-04-26 13:59:40 943
采样时间： 2022-04-26 13:59:43 943
采样时间： 2022-04-26 13:59:47 483
采样时间： 2022-04-26 13:59:50 482
采样时间： 2022-04-26 13:59:54 102
采样时间： 2022-04-26 13:59:57 607
采样时间： 2022-04-26 14:00:00 607
采样时间： 2022-04-26 14:00:03 607
采样时间： 2022-04-26 14:00:06 607
采样时间： 2022-04-26 14:00:10 148
采样时间： 2022-04-26 14:00:13 679
采样时间： 2022-04-26 14:00:17 471
采样时间： 2022-04-26 14:00:20 471
采样时间： 2022-04-26 14:00:23 471
采样时间： 2022-04-26 14:00:26 471
采样时间： 2022-04-26 14:00:30 069
采样时间： 2022-04-26 14:00:33 719
采样时间： 2022-04-26 14:00:37 293
采样时间： 2022-04-26 14:00:40 294
采样时间： 2022-04-26 14:00:44 056
采样时间： 2022-04-26 14:00:47 056
采样时间： 2022-04-26 14:00:50 056
采样时间： 2022-04-26 14:00:53 056
采样时间： 2022-04-26 14:00:56 644
采样时间： 2022-04-26 14:00:59 644
采样时间： 2022-04-26 14:01:03 166
采样时间： 2022-04-26 14:01:07 737
采样时间： 2022-04-26 14:01:10 737
采样时间： 2022-04-26 14:01:13 737
采样时间： 2022-04-26 14:01:16 737
采样时间： 2022-04-26 14:01:19 737
采样时间： 2022-04-26 14:01:22 737
采样时间： 2022-04-26 14:01:25 737
采样时间： 2022-04-26 14:01:28 737
采样时间： 2022-04-26 14:01:32 529
采样时间： 2022-04-26 14:01:36 070
采样时间： 2022-04-26 14:01:39 613
采样时间： 2022-04-26 14:01:42 614
采样时间： 2022-04-26 14:01:45 614
采样时间： 2022-04-26 14:01:49 165
采样时间： 2022-04-26 14:01:52 745
采样时间： 2022-04-26 14:01:56 386
采样时间： 2022-04-26 14:01:59 386
采样时间： 2022-04-26 14:02:02 386
采样时间： 2022-04-26 14:02:05 387
采样时间： 2022-04-26 14:02:08 388
采样时间： 2022-04-26 14:02:12 058
采样时间： 2022-04-26 14:02:15 823
采样时间： 2022-04-26 14:02:18 833
采样时间： 2022-04-26 14:02:21 969
采样时间： 2022-04-26 14:02:24 969
采样时间： 2022-04-26 14:02:29 977
采样时间： 2022-04-26 14:02:33 456
采样时间： 2022-04-26 14:02:36 456
采样时间： 2022-04-26 14:02:40 044
采样时间： 2022-04-26 14:02:43 044
采样时间： 2022-04-26 14:02:46 045
采样时间： 2022-04-26 14:02:49 606
采样时间： 2022-04-26 14:02:53 205
采样时间： 2022-04-26 14:02:56 205
采样时间： 2022-04-26 14:02:59 205
采样时间： 2022-04-26 14:03:02 205
采样时间： 2022-04-26 14:03:05 205
采样时间： 2022-04-26 14:03:08 205
采样时间： 2022-04-26 14:03:11 205
采样时间： 2022-04-26 14:03:14 205
采样时间： 2022-04-26 14:03:17 205
采样时间： 2022-04-26 14:03:20 711
采样时间： 2022-04-26 14:03:23 711
采样时间： 2022-04-26 14:03:27 311
采样时间： 2022-04-26 14:03:30 311
采样时间： 2022-04-26 14:03:33 311
采样时间： 2022-04-26 14:03:36 311
采样时间： 2022-04-26 14:03:40 950
采样时间： 2022-04-26 14:03:43 950
采样时间： 2022-04-26 14:03:47 551
采样时间： 2022-04-26 14:03:50 551
采样时间： 2022-04-26 14:03:53 551
采样时间： 2022-04-26 14:03:56 552
采样时间： 2022-04-26 14:03:59 552
采样时间： 2022-04-26 14:04:02 552
采样时间： 2022-04-26 14:04:06 060
采样时间： 2022-04-26 14:04:09 060
采样时间： 2022-04-26 14:04:12 060
采样时间： 2022-04-26 14:04:15 060
采样时间： 2022-04-26 14:04:18 060
采样时间： 2022-04-26 14:04:25 847
采样时间： 2022-04-26 14:04:29 831
采样时间： 2022-04-26 14:04:32 879
采样时间： 2022-04-26 14:04:35 880
采样时间： 2022-04-26 14:04:38 881
采样时间： 2022-04-26 14:04:42 419
采样时间： 2022-04-26 14:04:45 973
采样时间： 2022-04-26 14:04:48 972
采样时间： 2022-04-26 14:04:52 564
采样时间： 2022-04-26 14:04:55 564
采样时间： 2022-04-26 14:04:59 171
采样时间： 2022-04-26 14:05:02 171
采样时间： 2022-04-26 14:05:05 171
采样时间： 2022-04-26 14:05:08 171
采样时间： 2022-04-26 14:05:11 171
采样时间： 2022-04-26 14:05:14 171
采样时间： 2022-04-26 14:05:17 171
采样时间： 2022-04-26 14:05:20 171
采样时间： 2022-04-26 14:05:23 172
采样时间： 2022-04-26 14:05:26 172
采样时间： 2022-04-26 14:05:29 811
采样时间： 2022-04-26 14:05:32 811
采样时间： 2022-04-26 14:05:35 811
采样时间： 2022-04-26 14:05:38 811
采样时间： 2022-04-26 14:05:41 811
采样时间： 2022-04-26 14:05:44 811
采样时间： 2022-04-26 14:05:48 283
采样时间： 2022-04-26 14:05:51 284
采样时间： 2022-04-26 14:05:54 284
采样时间： 2022-04-26 14:05:57 851
采样时间： 2022-04-26 14:06:00 852
采样时间： 2022-04-26 14:06:03 851
采样时间： 2022-04-26 14:06:06 852
采样时间： 2022-04-26 14:06:09 853
采样时间： 2022-04-26 14:06:12 853
采样时间： 2022-04-26 14:06:15 853
采样时间： 2022-04-26 14:06:18 853
采样时间： 2022-04-26 14:06:21 853
采样时间： 2022-04-26 14:06:25 202
采样时间： 2022-04-26 14:06:28 202
采样时间： 2022-04-26 14:06:31 202
采样时间： 2022-04-26 14:06:34 203
采样时间： 2022-04-26 14:06:37 203
采样时间： 2022-04-26 14:06:40 780
采样时间： 2022-04-26 14:06:43 781
采样时间： 2022-04-26 14:06:46 782
采样时间： 2022-04-26 14:06:49 782
采样时间： 2022-04-26 14:06:53 374
采样时间： 2022-04-26 14:06:56 374
采样时间： 2022-04-26 14:06:59 374
采样时间： 2022-04-26 14:07:02 374
采样时间： 2022-04-26 14:07:05 374
采样时间： 2022-04-26 14:07:08 374
采样时间： 2022-04-26 14:07:11 374
采样时间： 2022-04-26 14:07:14 375
采样时间： 2022-04-26 14:07:17 375
采样时间： 2022-04-26 14:07:20 909
采样时间： 2022-04-26 14:07:23 909
采样时间： 2022-04-26 14:07:26 910
采样时间： 2022-04-26 14:07:30 419
采样时间： 2022-04-26 14:07:34 942
采样时间： 2022-04-26 14:07:38 578
采样时间： 2022-04-26 14:07:41 579
采样时间： 2022-04-26 14:07:45 062
采样时间： 2022-04-26 14:07:48 063
采样时间： 2022-04-26 14:07:51 063
采样时间： 2022-04-26 14:07:54 615
采样时间： 2022-04-26 14:07:57 615
采样时间： 2022-04-26 14:08:01 131
采样时间： 2022-04-26 14:08:04 131
采样时间： 2022-04-26 14:08:07 131
采样时间： 2022-04-26 14:08:10 131
采样时间： 2022-04-26 14:08:13 132
采样时间： 2022-04-26 14:08:16 132
采样时间： 2022-04-26 14:08:19 132
采样时间： 2022-04-26 14:08:23 726
采样时间： 2022-04-26 14:08:26 726
采样时间： 2022-04-26 14:08:29 726
采样时间： 2022-04-26 14:08:33 396
采样时间： 2022-04-26 14:08:36 396
采样时间： 2022-04-26 14:08:39 396
采样时间： 2022-04-26 14:08:42 396
采样时间： 2022-04-26 14:08:45 936
采样时间： 2022-04-26 14:08:48 936
采样时间： 2022-04-26 14:08:52 500
采样时间： 2022-04-26 14:08:55 500
采样时间： 2022-04-26 14:08:58 979
采样时间： 2022-04-26 14:09:01 979
采样时间： 2022-04-26 14:09:04 979
采样时间： 2022-04-26 14:09:08 561
采样时间： 2022-04-26 14:09:11 561
采样时间： 2022-04-26 14:09:14 561
采样时间： 2022-04-26 14:09:17 561
采样时间： 2022-04-26 14:09:20 562
采样时间： 2022-04-26 14:09:24 620
采样时间： 2022-04-26 14:09:27 827
采样时间： 2022-04-26 14:09:30 882
采样时间： 2022-04-26 14:09:35 117
采样时间： 2022-04-26 14:09:38 147
采样时间： 2022-04-26 14:09:41 843
采样时间： 2022-04-26 14:09:45 434
采样时间： 2022-04-26 14:09:48 434
采样时间： 2022-04-26 14:09:51 434
采样时间： 2022-04-26 14:09:54 434
采样时间： 2022-04-26 14:09:57 434
采样时间： 2022-04-26 14:10:00 434
采样时间： 2022-04-26 14:10:03 434
采样时间： 2022-04-26 14:10:06 434
采样时间： 2022-04-26 14:10:09 434
采样时间： 2022-04-26 14:10:12 434
采样时间： 2022-04-26 14:10:15 434
采样时间： 2022-04-26 14:10:18 434
采样时间： 2022-04-26 14:10:21 434
采样时间： 2022-04-26 14:10:25 905
采样时间： 2022-04-26 14:10:28 905
采样时间： 2022-04-26 14:10:31 905
采样时间： 2022-04-26 14:10:34 905
采样时间： 2022-04-26 14:10:39 421
采样时间： 2022-04-26 14:10:42 422
采样时间： 2022-04-26 14:10:45 422
采样时间： 2022-04-26 14:10:48 422
采样时间： 2022-04-26 14:10:51 876
采样时间： 2022-04-26 14:10:54 876
采样时间： 2022-04-26 14:10:57 877
采样时间： 2022-04-26 14:11:01 478
采样时间： 2022-04-26 14:11:04 478
采样时间： 2022-04-26 14:11:07 949
采样时间： 2022-04-26 14:11:10 949
采样时间： 2022-04-26 14:11:13 949
采样时间： 2022-04-26 14:11:17 480
采样时间： 2022-04-26 14:11:21 054
采样时间： 2022-04-26 14:11:24 054
采样时间： 2022-04-26 14:11:27 054
采样时间： 2022-04-26 14:11:30 054
采样时间： 2022-04-26 14:11:33 054
采样时间： 2022-04-26 14:11:36 055
采样时间： 2022-04-26 14:11:39 687
采样时间： 2022-04-26 14:11:43 225
采样时间： 2022-04-26 14:11:46 225
采样时间： 2022-04-26 14:11:49 225
采样时间： 2022-04-26 14:11:52 673
采样时间： 2022-04-26 14:11:55 673
采样时间： 2022-04-26 14:11:58 956
采样时间： 2022-04-26 14:12:02 137
采样时间： 2022-04-26 14:12:05 137
采样时间： 2022-04-26 14:12:08 922
采样时间： 2022-04-26 14:12:11 922
采样时间： 2022-04-26 14:12:14 923
采样时间： 2022-04-26 14:12:18 413
采样时间： 2022-04-26 14:12:21 951
采样时间： 2022-04-26 14:12:24 951
采样时间： 2022-04-26 14:12:27 951
采样时间： 2022-04-26 14:12:31 544
采样时间： 2022-04-26 14:12:35 200
采样时间： 2022-04-26 14:12:38 200
采样时间： 2022-04-26 14:12:41 730
采样时间： 2022-04-26 14:12:45 330
采样时间： 2022-04-26 14:12:49 003
采样时间： 2022-04-26 14:12:52 004
采样时间： 2022-04-26 14:12:55 004
采样时间： 2022-04-26 14:12:58 683
采样时间： 2022-04-26 14:13:01 683
采样时间： 2022-04-26 14:13:06 210
采样时间： 2022-04-26 14:13:09 783
采样时间： 2022-04-26 14:13:12 783
采样时间： 2022-04-26 14:13:15 783
采样时间： 2022-04-26 14:13:19 343
采样时间： 2022-04-26 14:13:22 343
采样时间： 2022-04-26 14:13:25 946
采样时间： 2022-04-26 14:13:28 946
采样时间： 2022-04-26 14:13:32 522
采样时间： 2022-04-26 14:13:35 522
采样时间： 2022-04-26 14:13:38 522
采样时间： 2022-04-26 14:13:41 523
采样时间： 2022-04-26 14:13:46 075
采样时间： 2022-04-26 14:13:49 075
采样时间： 2022-04-26 14:13:52 076
采样时间： 2022-04-26 14:13:55 076
采样时间： 2022-04-26 14:13:58 076
采样时间： 2022-04-26 14:14:01 076
采样时间： 2022-04-26 14:14:04 705
采样时间： 2022-04-26 14:14:08 301
采样时间： 2022-04-26 14:14:11 301
采样时间： 2022-04-26 14:14:14 301
采样时间： 2022-04-26 14:14:17 302
采样时间： 2022-04-26 14:14:20 302
采样时间： 2022-04-26 14:14:23 302
采样时间： 2022-04-26 14:14:26 302
采样时间： 2022-04-26 14:14:29 302
采样时间： 2022-04-26 14:14:32 302
采样时间： 2022-04-26 14:14:35 901
采样时间： 2022-04-26 14:14:38 902
采样时间： 2022-04-26 14:14:41 901
采样时间： 2022-04-26 14:14:45 369
采样时间： 2022-04-26 14:14:48 369
采样时间： 2022-04-26 14:14:53 245
采样时间： 2022-04-26 14:14:56 245
采样时间： 2022-04-26 14:14:59 792
采样时间： 2022-04-26 14:15:03 329
采样时间： 2022-04-26 14:15:06 329
采样时间： 2022-04-26 14:15:09 329
采样时间： 2022-04-26 14:15:12 329
采样时间： 2022-04-26 14:15:15 329
采样时间： 2022-04-26 14:15:18 329
采样时间： 2022-04-26 14:15:21 330
采样时间： 2022-04-26 14:15:24 330
采样时间： 2022-04-26 14:15:27 331
采样时间： 2022-04-26 14:15:30 331
采样时间： 2022-04-26 14:15:33 331
采样时间： 2022-04-26 14:15:36 331
采样时间： 2022-04-26 14:15:39 331
采样时间： 2022-04-26 14:15:42 871
采样时间： 2022-04-26 14:15:46 861
采样时间： 2022-04-26 14:15:49 861
采样时间： 2022-04-26 14:15:52 861
采样时间： 2022-04-26 14:15:56 661
采样时间： 2022-04-26 14:15:59 661
采样时间： 2022-04-26 14:16:03 123
采样时间： 2022-04-26 14:16:06 957
采样时间： 2022-04-26 14:16:09 957
采样时间： 2022-04-26 14:16:13 878
采样时间： 2022-04-26 14:16:16 878
采样时间： 2022-04-26 14:16:19 878
采样时间： 2022-04-26 14:16:22 878
采样时间： 2022-04-26 14:16:26 421
采样时间： 2022-04-26 14:16:29 421
采样时间： 2022-04-26 14:16:32 421
采样时间： 2022-04-26 14:16:35 421
采样时间： 2022-04-26 14:16:38 421
采样时间： 2022-04-26 14:16:41 421
采样时间： 2022-04-26 14:16:44 421
采样时间： 2022-04-26 14:16:49 179
采样时间： 2022-04-26 14:16:52 179
采样时间： 2022-04-26 14:16:55 855
采样时间： 2022-04-26 14:16:58 856
采样时间： 2022-04-26 14:17:01 856
采样时间： 2022-04-26 14:17:05 365
采样时间： 2022-04-26 14:17:08 365
采样时间： 2022-04-26 14:17:11 365
采样时间： 2022-04-26 14:17:14 365
采样时间： 2022-04-26 14:17:17 956
采样时间： 2022-04-26 14:17:20 956
采样时间： 2022-04-26 14:17:24 524
采样时间： 2022-04-26 14:17:32 087
采样时间： 2022-04-26 14:17:35 835
采样时间： 2022-04-26 14:17:38 835
采样时间： 2022-04-26 14:17:41 835
采样时间： 2022-04-26 14:17:44 835
采样时间： 2022-04-26 14:17:47 835
采样时间： 2022-04-26 14:17:50 836
采样时间： 2022-04-26 14:17:53 836
采样时间： 2022-04-26 14:17:56 836
采样时间： 2022-04-26 14:18:00 384
采样时间： 2022-04-26 14:18:03 384
采样时间： 2022-04-26 14:18:06 966
采样时间： 2022-04-26 14:18:09 967
采样时间： 2022-04-26 14:18:13 465
采样时间： 2022-04-26 14:18:16 918
采样时间： 2022-04-26 14:18:19 918
采样时间： 2022-04-26 14:18:23 484
采样时间： 2022-04-26 14:18:26 484
采样时间： 2022-04-26 14:18:29 484
采样时间： 2022-04-26 14:18:32 485
采样时间： 2022-04-26 14:18:35 485
采样时间： 2022-04-26 14:18:39 034
采样时间： 2022-04-26 14:18:42 034
采样时间： 2022-04-26 14:18:45 549
采样时间： 2022-04-26 14:18:48 550
采样时间： 2022-04-26 14:18:51 550
采样时间： 2022-04-26 14:18:55 099
采样时间： 2022-04-26 14:18:58 099
采样时间： 2022-04-26 14:19:01 681
采样时间： 2022-04-26 14:19:04 681
采样时间： 2022-04-26 14:19:07 682
采样时间： 2022-04-26 14:19:10 683
采样时间： 2022-04-26 14:19:13 683
采样时间： 2022-04-26 14:19:16 683
采样时间： 2022-04-26 14:19:19 684
采样时间： 2022-04-26 14:19:22 684
采样时间： 2022-04-26 14:19:25 684
采样时间： 2022-04-26 14:19:28 684
采样时间： 2022-04-26 14:19:31 684
采样时间： 2022-04-26 14:19:34 684
采样时间： 2022-04-26 14:19:37 684
采样时间： 2022-04-26 14:19:40 684
采样时间： 2022-04-26 14:19:43 684
采样时间： 2022-04-26 14:19:46 685
采样时间： 2022-04-26 14:19:49 685
采样时间： 2022-04-26 14:19:53 162
采样时间： 2022-04-26 14:19:56 162
采样时间： 2022-04-26 14:19:59 705
采样时间： 2022-04-26 14:20:02 705
采样时间： 2022-04-26 14:20:06 280
采样时间： 2022-04-26 14:20:09 281
采样时间： 2022-04-26 14:20:12 760
采样时间： 2022-04-26 14:20:17 400
采样时间： 2022-04-26 14:20:20 400
采样时间： 2022-04-26 14:20:23 987
采样时间： 2022-04-26 14:20:26 987
采样时间： 2022-04-26 14:20:29 988
采样时间： 2022-04-26 14:20:32 988
采样时间： 2022-04-26 14:20:35 988
采样时间： 2022-04-26 14:20:38 988
采样时间： 2022-04-26 14:20:41 988
采样时间： 2022-04-26 14:20:44 988
采样时间： 2022-04-26 14:20:47 988
采样时间： 2022-04-26 14:20:51 486
采样时间： 2022-04-26 14:20:55 977
采样时间： 2022-04-26 14:20:59 559
采样时间： 2022-04-26 14:21:03 066
采样时间： 2022-04-26 14:21:06 066
采样时间： 2022-04-26 14:21:09 066
采样时间： 2022-04-26 14:21:12 066
采样时间： 2022-04-26 14:21:15 066
采样时间： 2022-04-26 14:21:18 066
采样时间： 2022-04-26 14:21:21 066
采样时间： 2022-04-26 14:21:24 570
采样时间： 2022-04-26 14:21:28 125
采样时间： 2022-04-26 14:21:31 125
采样时间： 2022-04-26 14:21:34 125
采样时间： 2022-04-26 14:21:38 728
采样时间： 2022-04-26 14:21:41 728
采样时间： 2022-04-26 14:21:44 729
采样时间： 2022-04-26 14:21:48 308
采样时间： 2022-04-26 14:21:51 308
采样时间： 2022-04-26 14:21:54 308
采样时间： 2022-04-26 14:21:57 308
采样时间： 2022-04-26 14:22:00 308
采样时间： 2022-04-26 14:22:03 308
采样时间： 2022-04-26 14:22:06 308
采样时间： 2022-04-26 14:22:09 911
采样时间： 2022-04-26 14:22:12 912
采样时间： 2022-04-26 14:22:15 912
采样时间： 2022-04-26 14:22:20 568
采样时间： 2022-04-26 14:22:25 159
采样时间： 2022-04-26 14:22:28 160
采样时间： 2022-04-26 14:22:31 161
采样时间： 2022-04-26 14:22:34 162
采样时间： 2022-04-26 14:22:37 478
采样时间： 2022-04-26 14:22:40 550
采样时间： 2022-04-26 14:22:44 549
采样时间： 2022-04-26 14:22:47 549
采样时间： 2022-04-26 14:22:51 802
采样时间： 2022-04-26 14:22:54 900
采样时间： 2022-04-26 14:22:58 511
采样时间： 2022-04-26 14:23:02 192
采样时间： 2022-04-26 14:23:05 193
采样时间： 2022-04-26 14:23:08 194
采样时间： 2022-04-26 14:23:12 747
采样时间： 2022-04-26 14:23:15 748
采样时间： 2022-04-26 14:23:18 748
采样时间： 2022-04-26 14:23:22 316
采样时间： 2022-04-26 14:23:26 825
采样时间： 2022-04-26 14:23:29 826
采样时间： 2022-04-26 14:23:33 391
采样时间： 2022-04-26 14:23:36 391
采样时间： 2022-04-26 14:23:39 391
采样时间： 2022-04-26 14:23:42 859
采样时间： 2022-04-26 14:23:46 492
采样时间： 2022-04-26 14:23:50 052
采样时间： 2022-04-26 14:23:53 629
采样时间： 2022-04-26 14:23:56 629
采样时间： 2022-04-26 14:23:59 629
采样时间： 2022-04-26 14:24:02 629
采样时间： 2022-04-26 14:24:05 629
采样时间： 2022-04-26 14:24:09 257
采样时间： 2022-04-26 14:24:12 258
采样时间： 2022-04-26 14:24:15 257
采样时间： 2022-04-26 14:24:18 931
采样时间： 2022-04-26 14:24:21 931
采样时间： 2022-04-26 14:24:24 931
采样时间： 2022-04-26 14:24:28 487
采样时间： 2022-04-26 14:24:32 107
采样时间： 2022-04-26 14:24:35 107
采样时间： 2022-04-26 14:24:38 108
采样时间： 2022-04-26 14:24:41 108
采样时间： 2022-04-26 14:24:45 660
采样时间： 2022-04-26 14:24:49 254
采样数量：2
采样时间： 2022_04_26_14_24_50
采样时间： 2022-04-26 14:24:53 911
采样时间： 2022_04_26_14_24_54
采样时间： 2022_04_26_14_24_56
采样时间： 2022-04-26 14:24:57 444
采样时间： 2022_04_26_14_24_58
采样时间： 2022-04-26 14:25:00 444
采样时间： 2022_04_26_14_25_01
采样时间： 2022-04-26 14:25:03 444
采样时间： 2022_04_26_14_25_06
采样时间： 2022-04-26 14:25:06 444
采样时间： 2022-04-26 14:25:09 444
采样时间： 2022_04_26_14_25_10
采样时间： 2022-04-26 14:25:12 444
采样时间： 2022_04_26_14_25_12
采样时间： 2022_04_26_14_25_14
采样时间： 2022-04-26 14:25:15 444
采样时间： 2022_04_26_14_25_17
采样时间： 2022-04-26 14:25:18 966
采样时间： 2022_04_26_14_25_20
采样时间： 2022_04_26_14_25_21
采样时间： 2022-04-26 14:25:22 431
采样时间： 2022_04_26_14_25_24
采样时间： 2022-04-26 14:25:26 042
采样时间： 2022_04_26_14_25_26
采样时间： 2022-04-26 14:25:29 555
采样时间： 2022_04_26_14_25_30
采样时间： 2022_04_26_14_25_31
采样时间： 2022-04-26 14:25:32 555
采样时间： 2022_04_26_14_25_34
采样时间： 2022-04-26 14:25:35 555
采样时间： 2022_04_26_14_25_37
采样时间： 2022-04-26 14:25:40 015
采样时间： 2022_04_26_14_25_41
采样数量：2
取值间隔时间（interval）：5
当前时间毫秒： 1651023595611
实际时间： 1651023595611  当前时间： 16510235956110
当前时间毫秒： 1651023599304
实际时间： 1651023599304  当前时间： 16510235993040
当前时间毫秒： 1651023603889
实际时间： 1651023603889  当前时间： 16510236038890
当前时间毫秒： 1651023606463
实际时间： 1651023606463  当前时间： 16510236064630
当前时间毫秒： 1651023610087
当前时间毫秒： 1651023610088
实际时间： 1651023610088  当前时间： 16510236100880
当前时间毫秒： 1651023612652
实际时间： 1651023612652  当前时间： 16510236126520
当前时间毫秒： 1651023615230
实际时间： 1651023615230  当前时间： 16510236152300
当前时间毫秒： 1651023617919
实际时间： 1651023617919  当前时间： 16510236179190
当前时间毫秒： 1651023620564
实际时间： 1651023620564  当前时间： 16510236205640
当前时间毫秒： 1651023624200
实际时间： 1651023624200  当前时间： 16510236242000
当前时间毫秒： 1651023627864
实际时间： 1651023627864  当前时间： 16510236278640
当前时间毫秒： 1651023629507
实际时间： 1651023629507  当前时间： 16510236295070
当前时间毫秒： 1651023631169
实际时间： 1651023631169  当前时间： 16510236311690
当前时间毫秒： 1651023633763
实际时间： 1651023633763  当前时间： 16510236337630
当前时间毫秒： 1651023637314
实际时间： 1651023637314  当前时间： 16510236373140
当前时间毫秒： 1651023639952
实际时间： 1651023639952  当前时间： 16510236399520
当前时间毫秒： 1651023644613
实际时间： 1651023644613  当前时间： 16510236446130
当前时间毫秒： 1651023646238
实际时间： 1651023646238  当前时间： 16510236462380
当前时间毫秒： 1651023649792
实际时间： 1651023649792  当前时间： 16510236497920
当前时间毫秒： 1651023653410
当前时间毫秒： 1651023653411
实际时间： 1651023653411  当前时间： 16510236534110
当前时间毫秒： 1651023655943
当前时间毫秒： 1651023655944
实际时间： 1651023655944  当前时间： 16510236559440
当前时间毫秒： 1651023659543
实际时间： 1651023659543  当前时间： 16510236595430
当前时间毫秒： 1651023663190
实际时间： 1651023663190  当前时间： 16510236631900
当前时间毫秒： 1651023666735
实际时间： 1651023666735  当前时间： 16510236667350
当前时间毫秒： 1651023671349
实际时间： 1651023671349  当前时间： 16510236713490
当前时间毫秒： 1651023673886
当前时间毫秒： 1651023673887
实际时间： 1651023673887  当前时间： 16510236738870
当前时间毫秒： 1651023677462
实际时间： 1651023677462  当前时间： 16510236774620
当前时间毫秒： 1651023680124
实际时间： 1651023680124  当前时间： 16510236801240
当前时间毫秒： 1651023682651
实际时间： 1651023682651  当前时间： 16510236826510
当前时间毫秒： 1651023684305
实际时间： 1651023684306  当前时间： 16510236843050
当前时间毫秒： 1651023687918
实际时间： 1651023687918  当前时间： 16510236879180
当前时间毫秒： 1651023691457
实际时间： 1651023691457  当前时间： 16510236914570
当前时间毫秒： 1651023696053
实际时间： 1651023696053  当前时间： 16510236960530
当前时间毫秒： 1651023698663
实际时间： 1651023698663  当前时间： 16510236986630
当前时间毫秒： 1651023702430
实际时间： 1651023702430  当前时间： 16510237024300
当前时间毫秒： 1651023705058
实际时间： 1651023705058  当前时间： 16510237050580
当前时间毫秒： 1651023708677
实际时间： 1651023708677  当前时间： 16510237086770
当前时间毫秒： 1651023711355
实际时间： 1651023711355  当前时间： 16510237113550
当前时间毫秒： 1651023714008
实际时间： 1651023714008  当前时间： 16510237140080
当前时间毫秒： 1651023716679
实际时间： 1651023716679  当前时间： 16510237166790
当前时间毫秒： 1651023719394
实际时间： 1651023719394  当前时间： 16510237193940
当前时间毫秒： 1651023723016
实际时间： 1651023723016  当前时间： 16510237230160
当前时间毫秒： 1651023726608
实际时间： 1651023726608  当前时间： 16510237266080
当前时间毫秒： 1651023731204
实际时间： 1651023731204  当前时间： 16510237312040
当前时间毫秒： 1651023735720
实际时间： 1651023735720  当前时间： 16510237357200
当前时间毫秒： 1651023738473
实际时间： 1651023738473  当前时间： 16510237384730
当前时间毫秒： 1651023743193
当前时间毫秒： 1651023743194
实际时间： 1651023743194  当前时间： 16510237431940
当前时间毫秒： 1651023745860
实际时间： 1651023745860  当前时间： 16510237458600
当前时间毫秒： 1651023749502
实际时间： 1651023749502  当前时间： 16510237495020
当前时间毫秒： 1651023753091
实际时间： 1651023753091  当前时间： 16510237530910
当前时间毫秒： 1651023757661
当前时间毫秒： 1651023757662
实际时间： 1651023757662  当前时间： 16510237576620
当前时间毫秒： 1651023761208
实际时间： 1651023761208  当前时间： 16510237612080
当前时间毫秒： 1651023765863
实际时间： 1651023765863  当前时间： 16510237658630
当前时间毫秒： 1651023769520
当前时间毫秒： 1651023769521
实际时间： 1651023769521  当前时间： 16510237695210
当前时间毫秒： 1651023772225
实际时间： 1651023772225  当前时间： 16510237722250
当前时间毫秒： 1651023776915
实际时间： 1651023776915  当前时间： 16510237769150
当前时间毫秒： 1651023780906
实际时间： 1651023780906  当前时间： 16510237809060
当前时间毫秒： 1651023785458
实际时间： 1651023785458  当前时间： 16510237854580
当前时间毫秒： 1651023790001
实际时间： 1651023790001  当前时间： 16510237900010
当前时间毫秒： 1651023794668
实际时间： 1651023794668  当前时间： 16510237946680
当前时间毫秒： 1651023798290
实际时间： 1651023798290  当前时间： 16510237982900
当前时间毫秒： 1651023802969
实际时间： 1651023802969  当前时间： 16510238029690
采样数量：2
采样数量：2
采样数量：2
